<?xml version="1.0" encoding="UTF-8"?>
<testsuite xmlns:xsi="http://www.w3.org/2001/XMLSchema-instance" xsi:noNamespaceSchemaLocation="https://maven.apache.org/surefire/maven-surefire-plugin/xsd/surefire-test-report.xsd" name="TestSuite" time="156.469" tests="1" errors="0" skipped="0" failures="1">
  <properties>
[...]
</properties>
  <testcase name="homePage" classname="com.example.FirstTest" time="121.438">
    <failure message="chrome not reachable&#10;Build info: version: &apos;3.141.59&apos;, revision: &apos;e82be7d358&apos;, time: &apos;2018-11-14T08:17:03&apos;&#10;System info: host: &apos;vaibhav-Inspiron-3542&apos;, ip: &apos;127.0.1.1&apos;, os.name: &apos;Linux&apos;, os.arch: &apos;amd64&apos;, os.version: &apos;5.15.0-46-generic&apos;, java.version: &apos;18.0.1.1&apos;&#10;Driver info: driver.version: ChromeDriver&#10;remote stacktrace: #0 0x5645a6510f33 &lt;unknown&gt;&#10;#1 0x5645a625afaf &lt;unknown&gt;&#10;#2 0x5645a6249209 &lt;unknown&gt;&#10;#3 0x5645a6281a79 &lt;unknown&gt;&#10;#4 0x5645a627d9d0 &lt;unknown&gt;&#10;#5 0x5645a6279d5a &lt;unknown&gt;&#10;#6 0x5645a62b4d3a &lt;unknown&gt;&#10;#7 0x5645a62aee63 &lt;unknown&gt;&#10;#8 0x5645a628482a &lt;unknown&gt;&#10;#9 0x5645a6285985 &lt;unknown&gt;&#10;#10 0x5645a65554cd &lt;unknown&gt;&#10;#11 0x5645a65595ec &lt;unknown&gt;&#10;#12 0x5645a653f71e &lt;unknown&gt;&#10;#13 0x5645a655a238 &lt;unknown&gt;&#10;#14 0x5645a6534870 &lt;unknown&gt;&#10;#15 0x5645a6576608 &lt;unknown&gt;&#10;#16 0x5645a6576788 &lt;unknown&gt;&#10;#17 0x5645a6590f1d &lt;unknown&gt;&#10;#18 0x7fa1c2dc2609 &lt;unknown&gt;&#10;" type="org.openqa.selenium.WebDriverException"><![CDATA[org.openqa.selenium.WebDriverException: 
chrome not reachable
Build info: version: '3.141.59', revision: 'e82be7d358', time: '2018-11-14T08:17:03'
System info: host: 'vaibhav-Inspiron-3542', ip: '127.0.1.1', os.name: 'Linux', os.arch: 'amd64', os.version: '5.15.0-46-generic', java.version: '18.0.1.1'
Driver info: driver.version: ChromeDriver
remote stacktrace: #0 0x5645a6510f33 <unknown>
#1 0x5645a625afaf <unknown>
#2 0x5645a6249209 <unknown>
#3 0x5645a6281a79 <unknown>
#4 0x5645a627d9d0 <unknown>
#5 0x5645a6279d5a <unknown>
#6 0x5645a62b4d3a <unknown>
#7 0x5645a62aee63 <unknown>
#8 0x5645a628482a <unknown>
#9 0x5645a6285985 <unknown>
#10 0x5645a65554cd <unknown>
#11 0x5645a65595ec <unknown>
#12 0x5645a653f71e <unknown>
#13 0x5645a655a238 <unknown>
#14 0x5645a6534870 <unknown>
#15 0x5645a6576608 <unknown>
#16 0x5645a6576788 <unknown>
#17 0x5645a6590f1d <unknown>
#18 0x7fa1c2dc2609 <unknown>

	at com.example.FirstTest.homePage(FirstTest.java:19)
]]></failure>
    <system-err><![CDATA[SLF4J: Failed to load class "org.slf4j.impl.StaticLoggerBinder".
SLF4J: Defaulting to no-operation (NOP) logger implementation
SLF4J: See http://www.slf4j.org/codes.html#StaticLoggerBinder for further details.
Starting ChromeDriver 102.0.5005.61 (0e59bcc00cc4985ce39ad31c150065f159d95ad3-refs/branch-heads/5005@{#819}) on port 2885
Only local connections are allowed.
Please see https://chromedriver.chromium.org/security-considerations for suggestions on keeping ChromeDriver safe.
ChromeDriver was started successfully.
]]></system-err>
  </testcase>
</testsuite>