-------------------------------------------------------------------------------
Test set: TestSuite
-------------------------------------------------------------------------------
Tests run: 2, Failures: 1, Errors: 0, Skipped: 0, Time elapsed: 41.915 s <<< FAILURE! - in TestSuite
com.example.ScreenShot.TestCase.facebookTest[https://www.facebook.com, vaibhavdeshmukh0703@gmail.com, vaibhav](1)  Time elapsed: 5.211 s  <<< FAILURE!
java.lang.AssertionError: expected [true] but found [false]
	at com.example.ScreenShot.TestCase.facebookTest(TestCase.java:29)

